2025-12-30 08:08:07,660 - app - ERROR - Exception on / [GET]
Traceback (most recent call last):
  File "/home/5980Zhongyx/film_recommendation/venv/lib/python3.13/site-packages/flask/app.py", line 1511, in wsgi_app
    response = self.full_dispatch_request()
  File "/home/5980Zhongyx/film_recommendation/venv/lib/python3.13/site-packages/flask/app.py", line 919, in full_dispatch_request
    rv = self.handle_user_exception(e)
  File "/home/5980Zhongyx/film_recommendation/venv/lib/python3.13/site-packages/flask/app.py", line 917, in full_dispatch_request
    rv = self.dispatch_request()
  File "/home/5980Zhongyx/film_recommendation/venv/lib/python3.13/site-packages/flask/app.py", line 902, in dispatch_request
    return self.ensure_sync(self.view_functions[rule.endpoint])(**view_args)  # type: ignore[no-any-return]
           ~~~~~~~~~~~~~~~~~~~~~~~~~~~~~~~~~~~~~~~~~~~~~~~~~~~~^^^^^^^^^^^^^
  File "/home/5980Zhongyx/film_recommendation/routes/film_routes.py", line 17, in index
    popular_films = Film.query.order_by(desc(Film.like_count)).limit(6).all()
                                        ~~~~^^^^^^^^^^^^^^^^^
  File "/home/5980Zhongyx/film_recommendation/venv/lib/python3.13/site-packages/sqlalchemy/sql/_elements_constructors.py", line 1097, in desc
    return UnaryExpression._create_desc(column)
           ~~~~~~~~~~~~~~~~~~~~~~~~~~~~^^^^^^^^
  File "/home/5980Zhongyx/film_recommendation/venv/lib/python3.13/site-packages/sqlalchemy/sql/elements.py", line 3683, in _create_desc
    coercions.expect(roles.ByOfRole, column),
    ~~~~~~~~~~~~~~~~^^^^^^^^^^^^^^^^^^^^^^^^
  File "/home/5980Zhongyx/film_recommendation/venv/lib/python3.13/site-packages/sqlalchemy/sql/coercions.py", line 396, in expect
    resolved = impl._literal_coercion(
        element, argname=argname, **kw
    )
  File "/home/5980Zhongyx/film_recommendation/venv/lib/python3.13/site-packages/sqlalchemy/sql/coercions.py", line 635, in _literal_coercion
    self._raise_for_expected(element, argname)
    ~~~~~~~~~~~~~~~~~~~~~~~~^^^^^^^^^^^^^^^^^^
  File "/home/5980Zhongyx/film_recommendation/venv/lib/python3.13/site-packages/sqlalchemy/sql/coercions.py", line 519, in _raise_for_expected
    raise exc.ArgumentError(msg, code=code) from err
sqlalchemy.exc.ArgumentError: GROUP BY / OF / etc. expression expected, got <property object at 0x79a3f1fabb00>.
2025-12-30 08:09:01,542 - app - ERROR - Exception on / [GET]
Traceback (most recent call last):
  File "/home/5980Zhongyx/film_recommendation/venv/lib/python3.13/site-packages/flask/app.py", line 1511, in wsgi_app
    response = self.full_dispatch_request()
  File "/home/5980Zhongyx/film_recommendation/venv/lib/python3.13/site-packages/flask/app.py", line 919, in full_dispatch_request
    rv = self.handle_user_exception(e)
  File "/home/5980Zhongyx/film_recommendation/venv/lib/python3.13/site-packages/flask/app.py", line 917, in full_dispatch_request
    rv = self.dispatch_request()
  File "/home/5980Zhongyx/film_recommendation/venv/lib/python3.13/site-packages/flask/app.py", line 902, in dispatch_request
    return self.ensure_sync(self.view_functions[rule.endpoint])(**view_args)  # type: ignore[no-any-return]
           ~~~~~~~~~~~~~~~~~~~~~~~~~~~~~~~~~~~~~~~~~~~~~~~~~~~~^^^^^^^^^^^^^
  File "/home/5980Zhongyx/film_recommendation/routes/film_routes.py", line 17, in index
    popular_films = Film.query.order_by(desc(Film.like_count)).limit(6).all()
                                        ~~~~^^^^^^^^^^^^^^^^^
  File "/home/5980Zhongyx/film_recommendation/venv/lib/python3.13/site-packages/sqlalchemy/sql/_elements_constructors.py", line 1097, in desc
    return UnaryExpression._create_desc(column)
           ~~~~~~~~~~~~~~~~~~~~~~~~~~~~^^^^^^^^
  File "/home/5980Zhongyx/film_recommendation/venv/lib/python3.13/site-packages/sqlalchemy/sql/elements.py", line 3683, in _create_desc
    coercions.expect(roles.ByOfRole, column),
    ~~~~~~~~~~~~~~~~^^^^^^^^^^^^^^^^^^^^^^^^
  File "/home/5980Zhongyx/film_recommendation/venv/lib/python3.13/site-packages/sqlalchemy/sql/coercions.py", line 396, in expect
    resolved = impl._literal_coercion(
        element, argname=argname, **kw
    )
  File "/home/5980Zhongyx/film_recommendation/venv/lib/python3.13/site-packages/sqlalchemy/sql/coercions.py", line 635, in _literal_coercion
    self._raise_for_expected(element, argname)
    ~~~~~~~~~~~~~~~~~~~~~~~~^^^^^^^^^^^^^^^^^^
  File "/home/5980Zhongyx/film_recommendation/venv/lib/python3.13/site-packages/sqlalchemy/sql/coercions.py", line 519, in _raise_for_expected
    raise exc.ArgumentError(msg, code=code) from err
sqlalchemy.exc.ArgumentError: GROUP BY / OF / etc. expression expected, got <property object at 0x79a3f1fabb00>.
2025-12-30 08:20:53,768 - app - ERROR - Exception on / [GET]
Traceback (most recent call last):
  File "/home/5980Zhongyx/film_recommendation/venv/lib/python3.13/site-packages/flask/app.py", line 1511, in wsgi_app
    response = self.full_dispatch_request()
  File "/home/5980Zhongyx/film_recommendation/venv/lib/python3.13/site-packages/flask/app.py", line 919, in full_dispatch_request
    rv = self.handle_user_exception(e)
  File "/home/5980Zhongyx/film_recommendation/venv/lib/python3.13/site-packages/flask/app.py", line 917, in full_dispatch_request
    rv = self.dispatch_request()
  File "/home/5980Zhongyx/film_recommendation/venv/lib/python3.13/site-packages/flask/app.py", line 902, in dispatch_request
    return self.ensure_sync(self.view_functions[rule.endpoint])(**view_args)  # type: ignore[no-any-return]
           ~~~~~~~~~~~~~~~~~~~~~~~~~~~~~~~~~~~~~~~~~~~~~~~~~~~~^^^^^^^^^^^^^
  File "/home/5980Zhongyx/film_recommendation/routes/film_routes.py", line 17, in index
    popular_films = Film.query.order_by(desc(Film.like_count)).limit(6).all()
                                        ~~~~^^^^^^^^^^^^^^^^^
  File "/home/5980Zhongyx/film_recommendation/venv/lib/python3.13/site-packages/sqlalchemy/sql/_elements_constructors.py", line 1097, in desc
    return UnaryExpression._create_desc(column)
           ~~~~~~~~~~~~~~~~~~~~~~~~~~~~^^^^^^^^
  File "/home/5980Zhongyx/film_recommendation/venv/lib/python3.13/site-packages/sqlalchemy/sql/elements.py", line 3683, in _create_desc
    coercions.expect(roles.ByOfRole, column),
    ~~~~~~~~~~~~~~~~^^^^^^^^^^^^^^^^^^^^^^^^
  File "/home/5980Zhongyx/film_recommendation/venv/lib/python3.13/site-packages/sqlalchemy/sql/coercions.py", line 396, in expect
    resolved = impl._literal_coercion(
        element, argname=argname, **kw
    )
  File "/home/5980Zhongyx/film_recommendation/venv/lib/python3.13/site-packages/sqlalchemy/sql/coercions.py", line 635, in _literal_coercion
    self._raise_for_expected(element, argname)
    ~~~~~~~~~~~~~~~~~~~~~~~~^^^^^^^^^^^^^^^^^^
  File "/home/5980Zhongyx/film_recommendation/venv/lib/python3.13/site-packages/sqlalchemy/sql/coercions.py", line 519, in _raise_for_expected
    raise exc.ArgumentError(msg, code=code) from err
sqlalchemy.exc.ArgumentError: GROUP BY / OF / etc. expression expected, got <property object at 0x74bc2bfbfbf0>.
2025-12-30 08:20:56,290 - app - ERROR - Exception on / [GET]
Traceback (most recent call last):
  File "/home/5980Zhongyx/film_recommendation/venv/lib/python3.13/site-packages/flask/app.py", line 1511, in wsgi_app
    response = self.full_dispatch_request()
  File "/home/5980Zhongyx/film_recommendation/venv/lib/python3.13/site-packages/flask/app.py", line 919, in full_dispatch_request
    rv = self.handle_user_exception(e)
  File "/home/5980Zhongyx/film_recommendation/venv/lib/python3.13/site-packages/flask/app.py", line 917, in full_dispatch_request
    rv = self.dispatch_request()
  File "/home/5980Zhongyx/film_recommendation/venv/lib/python3.13/site-packages/flask/app.py", line 902, in dispatch_request
    return self.ensure_sync(self.view_functions[rule.endpoint])(**view_args)  # type: ignore[no-any-return]
           ~~~~~~~~~~~~~~~~~~~~~~~~~~~~~~~~~~~~~~~~~~~~~~~~~~~~^^^^^^^^^^^^^
  File "/home/5980Zhongyx/film_recommendation/routes/film_routes.py", line 17, in index
    popular_films = Film.query.order_by(desc(Film.like_count)).limit(6).all()
                                        ~~~~^^^^^^^^^^^^^^^^^
  File "/home/5980Zhongyx/film_recommendation/venv/lib/python3.13/site-packages/sqlalchemy/sql/_elements_constructors.py", line 1097, in desc
    return UnaryExpression._create_desc(column)
           ~~~~~~~~~~~~~~~~~~~~~~~~~~~~^^^^^^^^
  File "/home/5980Zhongyx/film_recommendation/venv/lib/python3.13/site-packages/sqlalchemy/sql/elements.py", line 3683, in _create_desc
    coercions.expect(roles.ByOfRole, column),
    ~~~~~~~~~~~~~~~~^^^^^^^^^^^^^^^^^^^^^^^^
  File "/home/5980Zhongyx/film_recommendation/venv/lib/python3.13/site-packages/sqlalchemy/sql/coercions.py", line 396, in expect
    resolved = impl._literal_coercion(
        element, argname=argname, **kw
    )
  File "/home/5980Zhongyx/film_recommendation/venv/lib/python3.13/site-packages/sqlalchemy/sql/coercions.py", line 635, in _literal_coercion
    self._raise_for_expected(element, argname)
    ~~~~~~~~~~~~~~~~~~~~~~~~^^^^^^^^^^^^^^^^^^
  File "/home/5980Zhongyx/film_recommendation/venv/lib/python3.13/site-packages/sqlalchemy/sql/coercions.py", line 519, in _raise_for_expected
    raise exc.ArgumentError(msg, code=code) from err
sqlalchemy.exc.ArgumentError: GROUP BY / OF / etc. expression expected, got <property object at 0x74bc2bfbfbf0>.
2025-12-30 08:28:13,647 - app - ERROR - Exception on / [GET]
Traceback (most recent call last):
  File "/home/5980Zhongyx/film_recommendation/venv/lib/python3.13/site-packages/flask/app.py", line 1511, in wsgi_app
    response = self.full_dispatch_request()
  File "/home/5980Zhongyx/film_recommendation/venv/lib/python3.13/site-packages/flask/app.py", line 919, in full_dispatch_request
    rv = self.handle_user_exception(e)
  File "/home/5980Zhongyx/film_recommendation/venv/lib/python3.13/site-packages/flask/app.py", line 917, in full_dispatch_request
    rv = self.dispatch_request()
  File "/home/5980Zhongyx/film_recommendation/venv/lib/python3.13/site-packages/flask/app.py", line 902, in dispatch_request
    return self.ensure_sync(self.view_functions[rule.endpoint])(**view_args)  # type: ignore[no-any-return]
           ~~~~~~~~~~~~~~~~~~~~~~~~~~~~~~~~~~~~~~~~~~~~~~~~~~~~^^^^^^^^^^^^^
  File "/home/5980Zhongyx/film_recommendation/routes/film_routes.py", line 17, in index
    popular_films = Film.query.order_by(desc(Film.like_count)).limit(6).all()
                                        ~~~~^^^^^^^^^^^^^^^^^
  File "/home/5980Zhongyx/film_recommendation/venv/lib/python3.13/site-packages/sqlalchemy/sql/_elements_constructors.py", line 1097, in desc
    return UnaryExpression._create_desc(column)
           ~~~~~~~~~~~~~~~~~~~~~~~~~~~~^^^^^^^^
  File "/home/5980Zhongyx/film_recommendation/venv/lib/python3.13/site-packages/sqlalchemy/sql/elements.py", line 3683, in _create_desc
    coercions.expect(roles.ByOfRole, column),
    ~~~~~~~~~~~~~~~~^^^^^^^^^^^^^^^^^^^^^^^^
  File "/home/5980Zhongyx/film_recommendation/venv/lib/python3.13/site-packages/sqlalchemy/sql/coercions.py", line 396, in expect
    resolved = impl._literal_coercion(
        element, argname=argname, **kw
    )
  File "/home/5980Zhongyx/film_recommendation/venv/lib/python3.13/site-packages/sqlalchemy/sql/coercions.py", line 635, in _literal_coercion
    self._raise_for_expected(element, argname)
    ~~~~~~~~~~~~~~~~~~~~~~~~^^^^^^^^^^^^^^^^^^
  File "/home/5980Zhongyx/film_recommendation/venv/lib/python3.13/site-packages/sqlalchemy/sql/coercions.py", line 519, in _raise_for_expected
    raise exc.ArgumentError(msg, code=code) from err
sqlalchemy.exc.ArgumentError: GROUP BY / OF / etc. expression expected, got <property object at 0x7e732fb9f970>.
2025-12-30 08:28:16,337 - app - ERROR - Exception on / [GET]
Traceback (most recent call last):
  File "/home/5980Zhongyx/film_recommendation/venv/lib/python3.13/site-packages/flask/app.py", line 1511, in wsgi_app
    response = self.full_dispatch_request()
  File "/home/5980Zhongyx/film_recommendation/venv/lib/python3.13/site-packages/flask/app.py", line 919, in full_dispatch_request
    rv = self.handle_user_exception(e)
  File "/home/5980Zhongyx/film_recommendation/venv/lib/python3.13/site-packages/flask/app.py", line 917, in full_dispatch_request
    rv = self.dispatch_request()
  File "/home/5980Zhongyx/film_recommendation/venv/lib/python3.13/site-packages/flask/app.py", line 902, in dispatch_request
    return self.ensure_sync(self.view_functions[rule.endpoint])(**view_args)  # type: ignore[no-any-return]
           ~~~~~~~~~~~~~~~~~~~~~~~~~~~~~~~~~~~~~~~~~~~~~~~~~~~~^^^^^^^^^^^^^
  File "/home/5980Zhongyx/film_recommendation/routes/film_routes.py", line 17, in index
    popular_films = Film.query.order_by(desc(Film.like_count)).limit(6).all()
                                        ~~~~^^^^^^^^^^^^^^^^^
  File "/home/5980Zhongyx/film_recommendation/venv/lib/python3.13/site-packages/sqlalchemy/sql/_elements_constructors.py", line 1097, in desc
    return UnaryExpression._create_desc(column)
           ~~~~~~~~~~~~~~~~~~~~~~~~~~~~^^^^^^^^
  File "/home/5980Zhongyx/film_recommendation/venv/lib/python3.13/site-packages/sqlalchemy/sql/elements.py", line 3683, in _create_desc
    coercions.expect(roles.ByOfRole, column),
    ~~~~~~~~~~~~~~~~^^^^^^^^^^^^^^^^^^^^^^^^
  File "/home/5980Zhongyx/film_recommendation/venv/lib/python3.13/site-packages/sqlalchemy/sql/coercions.py", line 396, in expect
    resolved = impl._literal_coercion(
        element, argname=argname, **kw
    )
  File "/home/5980Zhongyx/film_recommendation/venv/lib/python3.13/site-packages/sqlalchemy/sql/coercions.py", line 635, in _literal_coercion
    self._raise_for_expected(element, argname)
    ~~~~~~~~~~~~~~~~~~~~~~~~^^^^^^^^^^^^^^^^^^
  File "/home/5980Zhongyx/film_recommendation/venv/lib/python3.13/site-packages/sqlalchemy/sql/coercions.py", line 519, in _raise_for_expected
    raise exc.ArgumentError(msg, code=code) from err
sqlalchemy.exc.ArgumentError: GROUP BY / OF / etc. expression expected, got <property object at 0x7e732fb9f970>.
2025-12-30 09:05:25,638 - app - ERROR - Exception on / [GET]
Traceback (most recent call last):
  File "/home/5980Zhongyx/film_recommendation/venv/lib/python3.13/site-packages/flask/app.py", line 1511, in wsgi_app
    response = self.full_dispatch_request()
  File "/home/5980Zhongyx/film_recommendation/venv/lib/python3.13/site-packages/flask/app.py", line 919, in full_dispatch_request
    rv = self.handle_user_exception(e)
  File "/home/5980Zhongyx/film_recommendation/venv/lib/python3.13/site-packages/flask/app.py", line 917, in full_dispatch_request
    rv = self.dispatch_request()
  File "/home/5980Zhongyx/film_recommendation/venv/lib/python3.13/site-packages/flask/app.py", line 902, in dispatch_request
    return self.ensure_sync(self.view_functions[rule.endpoint])(**view_args)  # type: ignore[no-any-return]
           ~~~~~~~~~~~~~~~~~~~~~~~~~~~~~~~~~~~~~~~~~~~~~~~~~~~~^^^^^^^^^^^^^
  File "/home/5980Zhongyx/film_recommendation/routes/film_routes.py", line 17, in index
    popular_films = Film.query.order_by(desc(Film.like_count)).limit(6).all()
                                        ~~~~^^^^^^^^^^^^^^^^^
  File "/home/5980Zhongyx/film_recommendation/venv/lib/python3.13/site-packages/sqlalchemy/sql/_elements_constructors.py", line 1097, in desc
    return UnaryExpression._create_desc(column)
           ~~~~~~~~~~~~~~~~~~~~~~~~~~~~^^^^^^^^
  File "/home/5980Zhongyx/film_recommendation/venv/lib/python3.13/site-packages/sqlalchemy/sql/elements.py", line 3683, in _create_desc
    coercions.expect(roles.ByOfRole, column),
    ~~~~~~~~~~~~~~~~^^^^^^^^^^^^^^^^^^^^^^^^
  File "/home/5980Zhongyx/film_recommendation/venv/lib/python3.13/site-packages/sqlalchemy/sql/coercions.py", line 396, in expect
    resolved = impl._literal_coercion(
        element, argname=argname, **kw
    )
  File "/home/5980Zhongyx/film_recommendation/venv/lib/python3.13/site-packages/sqlalchemy/sql/coercions.py", line 635, in _literal_coercion
    self._raise_for_expected(element, argname)
    ~~~~~~~~~~~~~~~~~~~~~~~~^^^^^^^^^^^^^^^^^^
  File "/home/5980Zhongyx/film_recommendation/venv/lib/python3.13/site-packages/sqlalchemy/sql/coercions.py", line 519, in _raise_for_expected
    raise exc.ArgumentError(msg, code=code) from err
sqlalchemy.exc.ArgumentError: GROUP BY / OF / etc. expression expected, got <property object at 0x7e7268cd3b00>.
2025-12-30 09:05:27,974 - app - ERROR - Exception on / [GET]
Traceback (most recent call last):
  File "/home/5980Zhongyx/film_recommendation/venv/lib/python3.13/site-packages/flask/app.py", line 1511, in wsgi_app
    response = self.full_dispatch_request()
  File "/home/5980Zhongyx/film_recommendation/venv/lib/python3.13/site-packages/flask/app.py", line 919, in full_dispatch_request
    rv = self.handle_user_exception(e)
  File "/home/5980Zhongyx/film_recommendation/venv/lib/python3.13/site-packages/flask/app.py", line 917, in full_dispatch_request
    rv = self.dispatch_request()
  File "/home/5980Zhongyx/film_recommendation/venv/lib/python3.13/site-packages/flask/app.py", line 902, in dispatch_request
    return self.ensure_sync(self.view_functions[rule.endpoint])(**view_args)  # type: ignore[no-any-return]
           ~~~~~~~~~~~~~~~~~~~~~~~~~~~~~~~~~~~~~~~~~~~~~~~~~~~~^^^^^^^^^^^^^
  File "/home/5980Zhongyx/film_recommendation/routes/film_routes.py", line 17, in index
    popular_films = Film.query.order_by(desc(Film.like_count)).limit(6).all()
                                        ~~~~^^^^^^^^^^^^^^^^^
  File "/home/5980Zhongyx/film_recommendation/venv/lib/python3.13/site-packages/sqlalchemy/sql/_elements_constructors.py", line 1097, in desc
    return UnaryExpression._create_desc(column)
           ~~~~~~~~~~~~~~~~~~~~~~~~~~~~^^^^^^^^
  File "/home/5980Zhongyx/film_recommendation/venv/lib/python3.13/site-packages/sqlalchemy/sql/elements.py", line 3683, in _create_desc
    coercions.expect(roles.ByOfRole, column),
    ~~~~~~~~~~~~~~~~^^^^^^^^^^^^^^^^^^^^^^^^
  File "/home/5980Zhongyx/film_recommendation/venv/lib/python3.13/site-packages/sqlalchemy/sql/coercions.py", line 396, in expect
    resolved = impl._literal_coercion(
        element, argname=argname, **kw
    )
  File "/home/5980Zhongyx/film_recommendation/venv/lib/python3.13/site-packages/sqlalchemy/sql/coercions.py", line 635, in _literal_coercion
    self._raise_for_expected(element, argname)
    ~~~~~~~~~~~~~~~~~~~~~~~~^^^^^^^^^^^^^^^^^^
  File "/home/5980Zhongyx/film_recommendation/venv/lib/python3.13/site-packages/sqlalchemy/sql/coercions.py", line 519, in _raise_for_expected
    raise exc.ArgumentError(msg, code=code) from err
sqlalchemy.exc.ArgumentError: GROUP BY / OF / etc. expression expected, got <property object at 0x7e7268cd3b00>.
2025-12-30 09:06:09,483 - app - ERROR - Exception on / [GET]
Traceback (most recent call last):
  File "/home/5980Zhongyx/film_recommendation/venv/lib/python3.13/site-packages/flask/app.py", line 1511, in wsgi_app
    response = self.full_dispatch_request()
  File "/home/5980Zhongyx/film_recommendation/venv/lib/python3.13/site-packages/flask/app.py", line 919, in full_dispatch_request
    rv = self.handle_user_exception(e)
  File "/home/5980Zhongyx/film_recommendation/venv/lib/python3.13/site-packages/flask/app.py", line 917, in full_dispatch_request
    rv = self.dispatch_request()
  File "/home/5980Zhongyx/film_recommendation/venv/lib/python3.13/site-packages/flask/app.py", line 902, in dispatch_request
    return self.ensure_sync(self.view_functions[rule.endpoint])(**view_args)  # type: ignore[no-any-return]
           ~~~~~~~~~~~~~~~~~~~~~~~~~~~~~~~~~~~~~~~~~~~~~~~~~~~~^^^^^^^^^^^^^
  File "/home/5980Zhongyx/film_recommendation/routes/film_routes.py", line 17, in index
    popular_films = Film.query.order_by(desc(Film.like_count)).limit(6).all()
                                        ~~~~^^^^^^^^^^^^^^^^^
  File "/home/5980Zhongyx/film_recommendation/venv/lib/python3.13/site-packages/sqlalchemy/sql/_elements_constructors.py", line 1097, in desc
    return UnaryExpression._create_desc(column)
           ~~~~~~~~~~~~~~~~~~~~~~~~~~~~^^^^^^^^
  File "/home/5980Zhongyx/film_recommendation/venv/lib/python3.13/site-packages/sqlalchemy/sql/elements.py", line 3683, in _create_desc
    coercions.expect(roles.ByOfRole, column),
    ~~~~~~~~~~~~~~~~^^^^^^^^^^^^^^^^^^^^^^^^
  File "/home/5980Zhongyx/film_recommendation/venv/lib/python3.13/site-packages/sqlalchemy/sql/coercions.py", line 396, in expect
    resolved = impl._literal_coercion(
        element, argname=argname, **kw
    )
  File "/home/5980Zhongyx/film_recommendation/venv/lib/python3.13/site-packages/sqlalchemy/sql/coercions.py", line 635, in _literal_coercion
    self._raise_for_expected(element, argname)
    ~~~~~~~~~~~~~~~~~~~~~~~~^^^^^^^^^^^^^^^^^^
  File "/home/5980Zhongyx/film_recommendation/venv/lib/python3.13/site-packages/sqlalchemy/sql/coercions.py", line 519, in _raise_for_expected
    raise exc.ArgumentError(msg, code=code) from err
sqlalchemy.exc.ArgumentError: GROUP BY / OF / etc. expression expected, got <property object at 0x7c7da73379c0>.
2025-12-30 09:12:39,627 - app - ERROR - Exception on / [GET]
Traceback (most recent call last):
  File "/home/5980Zhongyx/film_recommendation/venv/lib/python3.13/site-packages/flask/app.py", line 1511, in wsgi_app
    response = self.full_dispatch_request()
  File "/home/5980Zhongyx/film_recommendation/venv/lib/python3.13/site-packages/flask/app.py", line 919, in full_dispatch_request
    rv = self.handle_user_exception(e)
  File "/home/5980Zhongyx/film_recommendation/venv/lib/python3.13/site-packages/flask/app.py", line 917, in full_dispatch_request
    rv = self.dispatch_request()
  File "/home/5980Zhongyx/film_recommendation/venv/lib/python3.13/site-packages/flask/app.py", line 902, in dispatch_request
    return self.ensure_sync(self.view_functions[rule.endpoint])(**view_args)  # type: ignore[no-any-return]
           ~~~~~~~~~~~~~~~~~~~~~~~~~~~~~~~~~~~~~~~~~~~~~~~~~~~~^^^^^^^^^^^^^
  File "/home/5980Zhongyx/film_recommendation/routes/film_routes.py", line 9, in index
    return render_template("index.html", films=films)
  File "/home/5980Zhongyx/film_recommendation/venv/lib/python3.13/site-packages/flask/templating.py", line 150, in render_template
    return _render(app, template, context)
  File "/home/5980Zhongyx/film_recommendation/venv/lib/python3.13/site-packages/flask/templating.py", line 131, in _render
    rv = template.render(context)
  File "/home/5980Zhongyx/film_recommendation/venv/lib/python3.13/site-packages/jinja2/environment.py", line 1295, in render
    self.environment.handle_exception()
    ~~~~~~~~~~~~~~~~~~~~~~~~~~~~~~~~~^^
  File "/home/5980Zhongyx/film_recommendation/venv/lib/python3.13/site-packages/jinja2/environment.py", line 942, in handle_exception
    raise rewrite_traceback_stack(source=source)
  File "/home/5980Zhongyx/film_recommendation/templates/index.html", line 1, in top-level template code
    {% extends "base.html" %}
  File "/home/5980Zhongyx/film_recommendation/templates/base.html", line 18, in top-level template code
    <li><a href="{{ url_for('film.list_films') }}">电影列表</a></li>
    ^^^^^^^^^^^^^
  File "/home/5980Zhongyx/film_recommendation/venv/lib/python3.13/site-packages/flask/app.py", line 1121, in url_for
    return self.handle_url_build_error(error, endpoint, values)
           ~~~~~~~~~~~~~~~~~~~~~~~~~~~^^^^^^^^^^^^^^^^^^^^^^^^^
  File "/home/5980Zhongyx/film_recommendation/venv/lib/python3.13/site-packages/flask/app.py", line 1110, in url_for
    rv = url_adapter.build(  # type: ignore[union-attr]
        endpoint,
    ...<3 lines>...
        force_external=_external,
    )
  File "/home/5980Zhongyx/film_recommendation/venv/lib/python3.13/site-packages/werkzeug/routing/map.py", line 924, in build
    raise BuildError(endpoint, values, method, self)
werkzeug.routing.exceptions.BuildError: Could not build url for endpoint 'film.list_films'. Did you mean 'interaction.like_film' instead?
2025-12-30 09:12:47,026 - app - ERROR - Exception on / [GET]
Traceback (most recent call last):
  File "/home/5980Zhongyx/film_recommendation/venv/lib/python3.13/site-packages/flask/app.py", line 1511, in wsgi_app
    response = self.full_dispatch_request()
  File "/home/5980Zhongyx/film_recommendation/venv/lib/python3.13/site-packages/flask/app.py", line 919, in full_dispatch_request
    rv = self.handle_user_exception(e)
  File "/home/5980Zhongyx/film_recommendation/venv/lib/python3.13/site-packages/flask/app.py", line 917, in full_dispatch_request
    rv = self.dispatch_request()
  File "/home/5980Zhongyx/film_recommendation/venv/lib/python3.13/site-packages/flask/app.py", line 902, in dispatch_request
    return self.ensure_sync(self.view_functions[rule.endpoint])(**view_args)  # type: ignore[no-any-return]
           ~~~~~~~~~~~~~~~~~~~~~~~~~~~~~~~~~~~~~~~~~~~~~~~~~~~~^^^^^^^^^^^^^
  File "/home/5980Zhongyx/film_recommendation/routes/film_routes.py", line 9, in index
    return render_template("index.html", films=films)
  File "/home/5980Zhongyx/film_recommendation/venv/lib/python3.13/site-packages/flask/templating.py", line 150, in render_template
    return _render(app, template, context)
  File "/home/5980Zhongyx/film_recommendation/venv/lib/python3.13/site-packages/flask/templating.py", line 131, in _render
    rv = template.render(context)
  File "/home/5980Zhongyx/film_recommendation/venv/lib/python3.13/site-packages/jinja2/environment.py", line 1295, in render
    self.environment.handle_exception()
    ~~~~~~~~~~~~~~~~~~~~~~~~~~~~~~~~~^^
  File "/home/5980Zhongyx/film_recommendation/venv/lib/python3.13/site-packages/jinja2/environment.py", line 942, in handle_exception
    raise rewrite_traceback_stack(source=source)
  File "/home/5980Zhongyx/film_recommendation/templates/index.html", line 1, in top-level template code
    {% extends "base.html" %}
  File "/home/5980Zhongyx/film_recommendation/templates/base.html", line 18, in top-level template code
    <li><a href="{{ url_for('film.list_films') }}">电影列表</a></li>
    ^^^^^^^^^^^^^
  File "/home/5980Zhongyx/film_recommendation/venv/lib/python3.13/site-packages/flask/app.py", line 1121, in url_for
    return self.handle_url_build_error(error, endpoint, values)
           ~~~~~~~~~~~~~~~~~~~~~~~~~~~^^^^^^^^^^^^^^^^^^^^^^^^^
  File "/home/5980Zhongyx/film_recommendation/venv/lib/python3.13/site-packages/flask/app.py", line 1110, in url_for
    rv = url_adapter.build(  # type: ignore[union-attr]
        endpoint,
    ...<3 lines>...
        force_external=_external,
    )
  File "/home/5980Zhongyx/film_recommendation/venv/lib/python3.13/site-packages/werkzeug/routing/map.py", line 924, in build
    raise BuildError(endpoint, values, method, self)
werkzeug.routing.exceptions.BuildError: Could not build url for endpoint 'film.list_films'. Did you mean 'interaction.like_film' instead?
2025-12-30 09:13:57,248 - app - ERROR - Exception on / [GET]
Traceback (most recent call last):
  File "/home/5980Zhongyx/film_recommendation/venv/lib/python3.13/site-packages/flask/app.py", line 1511, in wsgi_app
    response = self.full_dispatch_request()
  File "/home/5980Zhongyx/film_recommendation/venv/lib/python3.13/site-packages/flask/app.py", line 919, in full_dispatch_request
    rv = self.handle_user_exception(e)
  File "/home/5980Zhongyx/film_recommendation/venv/lib/python3.13/site-packages/flask/app.py", line 917, in full_dispatch_request
    rv = self.dispatch_request()
  File "/home/5980Zhongyx/film_recommendation/venv/lib/python3.13/site-packages/flask/app.py", line 902, in dispatch_request
    return self.ensure_sync(self.view_functions[rule.endpoint])(**view_args)  # type: ignore[no-any-return]
           ~~~~~~~~~~~~~~~~~~~~~~~~~~~~~~~~~~~~~~~~~~~~~~~~~~~~^^^^^^^^^^^^^
  File "/home/5980Zhongyx/film_recommendation/routes/film_routes.py", line 9, in index
    return render_template("index.html", films=films)
  File "/home/5980Zhongyx/film_recommendation/venv/lib/python3.13/site-packages/flask/templating.py", line 150, in render_template
    return _render(app, template, context)
  File "/home/5980Zhongyx/film_recommendation/venv/lib/python3.13/site-packages/flask/templating.py", line 131, in _render
    rv = template.render(context)
  File "/home/5980Zhongyx/film_recommendation/venv/lib/python3.13/site-packages/jinja2/environment.py", line 1295, in render
    self.environment.handle_exception()
    ~~~~~~~~~~~~~~~~~~~~~~~~~~~~~~~~~^^
  File "/home/5980Zhongyx/film_recommendation/venv/lib/python3.13/site-packages/jinja2/environment.py", line 942, in handle_exception
    raise rewrite_traceback_stack(source=source)
  File "/home/5980Zhongyx/film_recommendation/templates/index.html", line 1, in top-level template code
    {% extends "base.html" %}
  File "/home/5980Zhongyx/film_recommendation/templates/base.html", line 18, in top-level template code
    <li><a href="{{ url_for('film.list_films') }}">电影列表</a></li>
    ^^^^^^^^^^^^^
  File "/home/5980Zhongyx/film_recommendation/venv/lib/python3.13/site-packages/flask/app.py", line 1121, in url_for
    return self.handle_url_build_error(error, endpoint, values)
           ~~~~~~~~~~~~~~~~~~~~~~~~~~~^^^^^^^^^^^^^^^^^^^^^^^^^
  File "/home/5980Zhongyx/film_recommendation/venv/lib/python3.13/site-packages/flask/app.py", line 1110, in url_for
    rv = url_adapter.build(  # type: ignore[union-attr]
        endpoint,
    ...<3 lines>...
        force_external=_external,
    )
  File "/home/5980Zhongyx/film_recommendation/venv/lib/python3.13/site-packages/werkzeug/routing/map.py", line 924, in build
    raise BuildError(endpoint, values, method, self)
werkzeug.routing.exceptions.BuildError: Could not build url for endpoint 'film.list_films'. Did you mean 'interaction.like_film' instead?
2025-12-30 09:14:10,083 - app - ERROR - Exception on / [GET]
Traceback (most recent call last):
  File "/home/5980Zhongyx/film_recommendation/venv/lib/python3.13/site-packages/flask/app.py", line 1511, in wsgi_app
    response = self.full_dispatch_request()
  File "/home/5980Zhongyx/film_recommendation/venv/lib/python3.13/site-packages/flask/app.py", line 919, in full_dispatch_request
    rv = self.handle_user_exception(e)
  File "/home/5980Zhongyx/film_recommendation/venv/lib/python3.13/site-packages/flask/app.py", line 917, in full_dispatch_request
    rv = self.dispatch_request()
  File "/home/5980Zhongyx/film_recommendation/venv/lib/python3.13/site-packages/flask/app.py", line 902, in dispatch_request
    return self.ensure_sync(self.view_functions[rule.endpoint])(**view_args)  # type: ignore[no-any-return]
           ~~~~~~~~~~~~~~~~~~~~~~~~~~~~~~~~~~~~~~~~~~~~~~~~~~~~^^^^^^^^^^^^^
  File "/home/5980Zhongyx/film_recommendation/routes/film_routes.py", line 9, in index
    return render_template("index.html", films=films)
  File "/home/5980Zhongyx/film_recommendation/venv/lib/python3.13/site-packages/flask/templating.py", line 150, in render_template
    return _render(app, template, context)
  File "/home/5980Zhongyx/film_recommendation/venv/lib/python3.13/site-packages/flask/templating.py", line 131, in _render
    rv = template.render(context)
  File "/home/5980Zhongyx/film_recommendation/venv/lib/python3.13/site-packages/jinja2/environment.py", line 1295, in render
    self.environment.handle_exception()
    ~~~~~~~~~~~~~~~~~~~~~~~~~~~~~~~~~^^
  File "/home/5980Zhongyx/film_recommendation/venv/lib/python3.13/site-packages/jinja2/environment.py", line 942, in handle_exception
    raise rewrite_traceback_stack(source=source)
  File "/home/5980Zhongyx/film_recommendation/templates/index.html", line 1, in top-level template code
    {% extends "base.html" %}
  File "/home/5980Zhongyx/film_recommendation/templates/base.html", line 18, in top-level template code
    <li><a href="{{ url_for('film.list_films') }}">电影列表</a></li>
    ^^^^^^^^^^^^^
  File "/home/5980Zhongyx/film_recommendation/venv/lib/python3.13/site-packages/flask/app.py", line 1121, in url_for
    return self.handle_url_build_error(error, endpoint, values)
           ~~~~~~~~~~~~~~~~~~~~~~~~~~~^^^^^^^^^^^^^^^^^^^^^^^^^
  File "/home/5980Zhongyx/film_recommendation/venv/lib/python3.13/site-packages/flask/app.py", line 1110, in url_for
    rv = url_adapter.build(  # type: ignore[union-attr]
        endpoint,
    ...<3 lines>...
        force_external=_external,
    )
  File "/home/5980Zhongyx/film_recommendation/venv/lib/python3.13/site-packages/werkzeug/routing/map.py", line 924, in build
    raise BuildError(endpoint, values, method, self)
werkzeug.routing.exceptions.BuildError: Could not build url for endpoint 'film.list_films'. Did you mean 'interaction.like_film' instead?
2025-12-30 09:18:38,296 - app - ERROR - Exception on / [GET]
Traceback (most recent call last):
  File "/home/5980Zhongyx/film_recommendation/venv/lib/python3.13/site-packages/flask/app.py", line 1511, in wsgi_app
    response = self.full_dispatch_request()
  File "/home/5980Zhongyx/film_recommendation/venv/lib/python3.13/site-packages/flask/app.py", line 919, in full_dispatch_request
    rv = self.handle_user_exception(e)
  File "/home/5980Zhongyx/film_recommendation/venv/lib/python3.13/site-packages/flask/app.py", line 917, in full_dispatch_request
    rv = self.dispatch_request()
  File "/home/5980Zhongyx/film_recommendation/venv/lib/python3.13/site-packages/flask/app.py", line 902, in dispatch_request
    return self.ensure_sync(self.view_functions[rule.endpoint])(**view_args)  # type: ignore[no-any-return]
           ~~~~~~~~~~~~~~~~~~~~~~~~~~~~~~~~~~~~~~~~~~~~~~~~~~~~^^^^^^^^^^^^^
  File "/home/5980Zhongyx/film_recommendation/routes/film_routes.py", line 9, in index
    return render_template("index.html", films=films)
  File "/home/5980Zhongyx/film_recommendation/venv/lib/python3.13/site-packages/flask/templating.py", line 150, in render_template
    return _render(app, template, context)
  File "/home/5980Zhongyx/film_recommendation/venv/lib/python3.13/site-packages/flask/templating.py", line 131, in _render
    rv = template.render(context)
  File "/home/5980Zhongyx/film_recommendation/venv/lib/python3.13/site-packages/jinja2/environment.py", line 1295, in render
    self.environment.handle_exception()
    ~~~~~~~~~~~~~~~~~~~~~~~~~~~~~~~~~^^
  File "/home/5980Zhongyx/film_recommendation/venv/lib/python3.13/site-packages/jinja2/environment.py", line 942, in handle_exception
    raise rewrite_traceback_stack(source=source)
  File "/home/5980Zhongyx/film_recommendation/templates/index.html", line 1, in top-level template code
    {% extends "base.html" %}
  File "/home/5980Zhongyx/film_recommendation/templates/base.html", line 34, in top-level template code
    {% block content %}{% endblock %}
    ^^^^^^^^^^^^^^^^^^^^^
  File "/home/5980Zhongyx/film_recommendation/templates/index.html", line 10, in block 'content'
    <a href="{{ url_for('film.list_films') }}" class="btn btn-primary">浏览电影</a>
    ^^^^^^^^^
  File "/home/5980Zhongyx/film_recommendation/venv/lib/python3.13/site-packages/flask/app.py", line 1121, in url_for
    return self.handle_url_build_error(error, endpoint, values)
           ~~~~~~~~~~~~~~~~~~~~~~~~~~~^^^^^^^^^^^^^^^^^^^^^^^^^
  File "/home/5980Zhongyx/film_recommendation/venv/lib/python3.13/site-packages/flask/app.py", line 1110, in url_for
    rv = url_adapter.build(  # type: ignore[union-attr]
        endpoint,
    ...<3 lines>...
        force_external=_external,
    )
  File "/home/5980Zhongyx/film_recommendation/venv/lib/python3.13/site-packages/werkzeug/routing/map.py", line 924, in build
    raise BuildError(endpoint, values, method, self)
werkzeug.routing.exceptions.BuildError: Could not build url for endpoint 'film.list_films'. Did you mean 'interaction.like_film' instead?
2025-12-30 09:18:43,118 - app - ERROR - Exception on / [GET]
Traceback (most recent call last):
  File "/home/5980Zhongyx/film_recommendation/venv/lib/python3.13/site-packages/flask/app.py", line 1511, in wsgi_app
    response = self.full_dispatch_request()
  File "/home/5980Zhongyx/film_recommendation/venv/lib/python3.13/site-packages/flask/app.py", line 919, in full_dispatch_request
    rv = self.handle_user_exception(e)
  File "/home/5980Zhongyx/film_recommendation/venv/lib/python3.13/site-packages/flask/app.py", line 917, in full_dispatch_request
    rv = self.dispatch_request()
  File "/home/5980Zhongyx/film_recommendation/venv/lib/python3.13/site-packages/flask/app.py", line 902, in dispatch_request
    return self.ensure_sync(self.view_functions[rule.endpoint])(**view_args)  # type: ignore[no-any-return]
           ~~~~~~~~~~~~~~~~~~~~~~~~~~~~~~~~~~~~~~~~~~~~~~~~~~~~^^^^^^^^^^^^^
  File "/home/5980Zhongyx/film_recommendation/routes/film_routes.py", line 9, in index
    return render_template("index.html", films=films)
  File "/home/5980Zhongyx/film_recommendation/venv/lib/python3.13/site-packages/flask/templating.py", line 150, in render_template
    return _render(app, template, context)
  File "/home/5980Zhongyx/film_recommendation/venv/lib/python3.13/site-packages/flask/templating.py", line 131, in _render
    rv = template.render(context)
  File "/home/5980Zhongyx/film_recommendation/venv/lib/python3.13/site-packages/jinja2/environment.py", line 1295, in render
    self.environment.handle_exception()
    ~~~~~~~~~~~~~~~~~~~~~~~~~~~~~~~~~^^
  File "/home/5980Zhongyx/film_recommendation/venv/lib/python3.13/site-packages/jinja2/environment.py", line 942, in handle_exception
    raise rewrite_traceback_stack(source=source)
  File "/home/5980Zhongyx/film_recommendation/templates/index.html", line 1, in top-level template code
    {% extends "base.html" %}
  File "/home/5980Zhongyx/film_recommendation/templates/base.html", line 34, in top-level template code
    {% block content %}{% endblock %}
    ^^^^^^^^^^^^^^^^^^^^^
  File "/home/5980Zhongyx/film_recommendation/templates/index.html", line 10, in block 'content'
    <a href="{{ url_for('film.list_films') }}" class="btn btn-primary">浏览电影</a>
    ^^^^^^^^^
  File "/home/5980Zhongyx/film_recommendation/venv/lib/python3.13/site-packages/flask/app.py", line 1121, in url_for
    return self.handle_url_build_error(error, endpoint, values)
           ~~~~~~~~~~~~~~~~~~~~~~~~~~~^^^^^^^^^^^^^^^^^^^^^^^^^
  File "/home/5980Zhongyx/film_recommendation/venv/lib/python3.13/site-packages/flask/app.py", line 1110, in url_for
    rv = url_adapter.build(  # type: ignore[union-attr]
        endpoint,
    ...<3 lines>...
        force_external=_external,
    )
  File "/home/5980Zhongyx/film_recommendation/venv/lib/python3.13/site-packages/werkzeug/routing/map.py", line 924, in build
    raise BuildError(endpoint, values, method, self)
werkzeug.routing.exceptions.BuildError: Could not build url for endpoint 'film.list_films'. Did you mean 'interaction.like_film' instead?
2025-12-30 18:46:48,844 - app - ERROR - Exception on /login [POST]
Traceback (most recent call last):
  File "/home/5980Zhongyx/film_recommendation/venv/lib/python3.13/site-packages/flask/app.py", line 1511, in wsgi_app
    response = self.full_dispatch_request()
  File "/home/5980Zhongyx/film_recommendation/venv/lib/python3.13/site-packages/flask/app.py", line 919, in full_dispatch_request
    rv = self.handle_user_exception(e)
  File "/home/5980Zhongyx/film_recommendation/venv/lib/python3.13/site-packages/flask/app.py", line 917, in full_dispatch_request
    rv = self.dispatch_request()
  File "/home/5980Zhongyx/film_recommendation/venv/lib/python3.13/site-packages/flask/app.py", line 902, in dispatch_request
    return self.ensure_sync(self.view_functions[rule.endpoint])(**view_args)  # type: ignore[no-any-return]
           ~~~~~~~~~~~~~~~~~~~~~~~~~~~~~~~~~~~~~~~~~~~~~~~~~~~~^^^^^^^^^^^^^
  File "/home/5980Zhongyx/film_recommendation/routes/auth_routes.py", line 98, in login
    from models import AppLog
ImportError: cannot import name 'AppLog' from 'models' (/home/5980Zhongyx/film_recommendation/models/__init__.py)
2025-12-30 18:47:16,775 - app - ERROR - Exception on /register [POST]
Traceback (most recent call last):
  File "/home/5980Zhongyx/film_recommendation/venv/lib/python3.13/site-packages/flask/app.py", line 1511, in wsgi_app
    response = self.full_dispatch_request()
  File "/home/5980Zhongyx/film_recommendation/venv/lib/python3.13/site-packages/flask/app.py", line 919, in full_dispatch_request
    rv = self.handle_user_exception(e)
  File "/home/5980Zhongyx/film_recommendation/venv/lib/python3.13/site-packages/flask/app.py", line 917, in full_dispatch_request
    rv = self.dispatch_request()
  File "/home/5980Zhongyx/film_recommendation/venv/lib/python3.13/site-packages/flask/app.py", line 902, in dispatch_request
    return self.ensure_sync(self.view_functions[rule.endpoint])(**view_args)  # type: ignore[no-any-return]
           ~~~~~~~~~~~~~~~~~~~~~~~~~~~~~~~~~~~~~~~~~~~~~~~~~~~~^^^^^^^^^^^^^
  File "/home/5980Zhongyx/film_recommendation/routes/auth_routes.py", line 52, in register
    from models import AppLog
ImportError: cannot import name 'AppLog' from 'models' (/home/5980Zhongyx/film_recommendation/models/__init__.py)
2025-12-30 18:58:44,665 - app - ERROR - Exception on / [GET]
Traceback (most recent call last):
  File "/home/5980Zhongyx/film_recommendation/venv/lib/python3.13/site-packages/sqlalchemy/engine/base.py", line 1967, in _exec_single_context
    self.dialect.do_execute(
    ~~~~~~~~~~~~~~~~~~~~~~~^
        cursor, str_statement, effective_parameters, context
        ^^^^^^^^^^^^^^^^^^^^^^^^^^^^^^^^^^^^^^^^^^^^^^^^^^^^
    )
    ^
  File "/home/5980Zhongyx/film_recommendation/venv/lib/python3.13/site-packages/sqlalchemy/engine/default.py", line 952, in do_execute
    cursor.execute(statement, parameters)
    ~~~~~~~~~~~~~~^^^^^^^^^^^^^^^^^^^^^^^
sqlite3.OperationalError: no such column: film.rating_count

The above exception was the direct cause of the following exception:

Traceback (most recent call last):
  File "/home/5980Zhongyx/film_recommendation/venv/lib/python3.13/site-packages/flask/app.py", line 1511, in wsgi_app
    response = self.full_dispatch_request()
  File "/home/5980Zhongyx/film_recommendation/venv/lib/python3.13/site-packages/flask/app.py", line 919, in full_dispatch_request
    rv = self.handle_user_exception(e)
  File "/home/5980Zhongyx/film_recommendation/venv/lib/python3.13/site-packages/flask/app.py", line 917, in full_dispatch_request
    rv = self.dispatch_request()
  File "/home/5980Zhongyx/film_recommendation/venv/lib/python3.13/site-packages/flask/app.py", line 902, in dispatch_request
    return self.ensure_sync(self.view_functions[rule.endpoint])(**view_args)  # type: ignore[no-any-return]
           ~~~~~~~~~~~~~~~~~~~~~~~~~~~~~~~~~~~~~~~~~~~~~~~~~~~~^^^^^^^^^^^^^
  File "/home/5980Zhongyx/film_recommendation/routes/film_routes.py", line 15, in index
    films = Film.query.limit(12).all()
  File "/home/5980Zhongyx/film_recommendation/venv/lib/python3.13/site-packages/sqlalchemy/orm/query.py", line 2704, in all
    return self._iter().all()  # type: ignore
           ~~~~~~~~~~^^
  File "/home/5980Zhongyx/film_recommendation/venv/lib/python3.13/site-packages/sqlalchemy/orm/query.py", line 2857, in _iter
    result: Union[ScalarResult[_T], Result[_T]] = self.session.execute(
                                                  ~~~~~~~~~~~~~~~~~~~~^
        statement,
        ^^^^^^^^^^
        params,
        ^^^^^^^
        execution_options={"_sa_orm_load_options": self.load_options},
        ^^^^^^^^^^^^^^^^^^^^^^^^^^^^^^^^^^^^^^^^^^^^^^^^^^^^^^^^^^^^^^
    )
    ^
  File "/home/5980Zhongyx/film_recommendation/venv/lib/python3.13/site-packages/sqlalchemy/orm/session.py", line 2351, in execute
    return self._execute_internal(
           ~~~~~~~~~~~~~~~~~~~~~~^
        statement,
        ^^^^^^^^^^
    ...<4 lines>...
        _add_event=_add_event,
        ^^^^^^^^^^^^^^^^^^^^^^
    )
    ^
  File "/home/5980Zhongyx/film_recommendation/venv/lib/python3.13/site-packages/sqlalchemy/orm/session.py", line 2249, in _execute_internal
    result: Result[Any] = compile_state_cls.orm_execute_statement(
                          ~~~~~~~~~~~~~~~~~~~~~~~~~~~~~~~~~~~~~~~^
        self,
        ^^^^^
    ...<4 lines>...
        conn,
        ^^^^^
    )
    ^
  File "/home/5980Zhongyx/film_recommendation/venv/lib/python3.13/site-packages/sqlalchemy/orm/context.py", line 306, in orm_execute_statement
    result = conn.execute(
        statement, params or {}, execution_options=execution_options
    )
  File "/home/5980Zhongyx/film_recommendation/venv/lib/python3.13/site-packages/sqlalchemy/engine/base.py", line 1419, in execute
    return meth(
        self,
        distilled_parameters,
        execution_options or NO_OPTIONS,
    )
  File "/home/5980Zhongyx/film_recommendation/venv/lib/python3.13/site-packages/sqlalchemy/sql/elements.py", line 527, in _execute_on_connection
    return connection._execute_clauseelement(
           ~~~~~~~~~~~~~~~~~~~~~~~~~~~~~~~~~^
        self, distilled_params, execution_options
        ^^^^^^^^^^^^^^^^^^^^^^^^^^^^^^^^^^^^^^^^^
    )
    ^
  File "/home/5980Zhongyx/film_recommendation/venv/lib/python3.13/site-packages/sqlalchemy/engine/base.py", line 1641, in _execute_clauseelement
    ret = self._execute_context(
        dialect,
    ...<8 lines>...
        cache_hit=cache_hit,
    )
  File "/home/5980Zhongyx/film_recommendation/venv/lib/python3.13/site-packages/sqlalchemy/engine/base.py", line 1846, in _execute_context
    return self._exec_single_context(
           ~~~~~~~~~~~~~~~~~~~~~~~~~^
        dialect, context, statement, parameters
        ^^^^^^^^^^^^^^^^^^^^^^^^^^^^^^^^^^^^^^^
    )
    ^
  File "/home/5980Zhongyx/film_recommendation/venv/lib/python3.13/site-packages/sqlalchemy/engine/base.py", line 1986, in _exec_single_context
    self._handle_dbapi_exception(
    ~~~~~~~~~~~~~~~~~~~~~~~~~~~~^
        e, str_statement, effective_parameters, cursor, context
        ^^^^^^^^^^^^^^^^^^^^^^^^^^^^^^^^^^^^^^^^^^^^^^^^^^^^^^^
    )
    ^
  File "/home/5980Zhongyx/film_recommendation/venv/lib/python3.13/site-packages/sqlalchemy/engine/base.py", line 2363, in _handle_dbapi_exception
    raise sqlalchemy_exception.with_traceback(exc_info[2]) from e
  File "/home/5980Zhongyx/film_recommendation/venv/lib/python3.13/site-packages/sqlalchemy/engine/base.py", line 1967, in _exec_single_context
    self.dialect.do_execute(
    ~~~~~~~~~~~~~~~~~~~~~~~^
        cursor, str_statement, effective_parameters, context
        ^^^^^^^^^^^^^^^^^^^^^^^^^^^^^^^^^^^^^^^^^^^^^^^^^^^^
    )
    ^
  File "/home/5980Zhongyx/film_recommendation/venv/lib/python3.13/site-packages/sqlalchemy/engine/default.py", line 952, in do_execute
    cursor.execute(statement, parameters)
    ~~~~~~~~~~~~~~^^^^^^^^^^^^^^^^^^^^^^^
sqlalchemy.exc.OperationalError: (sqlite3.OperationalError) no such column: film.rating_count
[SQL: SELECT film.id AS film_id, film.title AS film_title, film.genre AS film_genre, film.year AS film_year, film.director AS film_director, film.description AS film_description, film.poster_url AS film_poster_url, film.rating_count AS film_rating_count, film.rating_sum AS film_rating_sum, film.created_at AS film_created_at 
FROM film
 LIMIT ? OFFSET ?]
[parameters: (12, 0)]
(Background on this error at: https://sqlalche.me/e/20/e3q8)
2025-12-30 18:58:47,529 - app - ERROR - Exception on / [GET]
Traceback (most recent call last):
  File "/home/5980Zhongyx/film_recommendation/venv/lib/python3.13/site-packages/sqlalchemy/engine/base.py", line 1967, in _exec_single_context
    self.dialect.do_execute(
    ~~~~~~~~~~~~~~~~~~~~~~~^
        cursor, str_statement, effective_parameters, context
        ^^^^^^^^^^^^^^^^^^^^^^^^^^^^^^^^^^^^^^^^^^^^^^^^^^^^
    )
    ^
  File "/home/5980Zhongyx/film_recommendation/venv/lib/python3.13/site-packages/sqlalchemy/engine/default.py", line 952, in do_execute
    cursor.execute(statement, parameters)
    ~~~~~~~~~~~~~~^^^^^^^^^^^^^^^^^^^^^^^
sqlite3.OperationalError: no such column: film.rating_count

The above exception was the direct cause of the following exception:

Traceback (most recent call last):
  File "/home/5980Zhongyx/film_recommendation/venv/lib/python3.13/site-packages/flask/app.py", line 1511, in wsgi_app
    response = self.full_dispatch_request()
  File "/home/5980Zhongyx/film_recommendation/venv/lib/python3.13/site-packages/flask/app.py", line 919, in full_dispatch_request
    rv = self.handle_user_exception(e)
  File "/home/5980Zhongyx/film_recommendation/venv/lib/python3.13/site-packages/flask/app.py", line 917, in full_dispatch_request
    rv = self.dispatch_request()
  File "/home/5980Zhongyx/film_recommendation/venv/lib/python3.13/site-packages/flask/app.py", line 902, in dispatch_request
    return self.ensure_sync(self.view_functions[rule.endpoint])(**view_args)  # type: ignore[no-any-return]
           ~~~~~~~~~~~~~~~~~~~~~~~~~~~~~~~~~~~~~~~~~~~~~~~~~~~~^^^^^^^^^^^^^
  File "/home/5980Zhongyx/film_recommendation/routes/film_routes.py", line 15, in index
    films = Film.query.limit(12).all()
  File "/home/5980Zhongyx/film_recommendation/venv/lib/python3.13/site-packages/sqlalchemy/orm/query.py", line 2704, in all
    return self._iter().all()  # type: ignore
           ~~~~~~~~~~^^
  File "/home/5980Zhongyx/film_recommendation/venv/lib/python3.13/site-packages/sqlalchemy/orm/query.py", line 2857, in _iter
    result: Union[ScalarResult[_T], Result[_T]] = self.session.execute(
                                                  ~~~~~~~~~~~~~~~~~~~~^
        statement,
        ^^^^^^^^^^
        params,
        ^^^^^^^
        execution_options={"_sa_orm_load_options": self.load_options},
        ^^^^^^^^^^^^^^^^^^^^^^^^^^^^^^^^^^^^^^^^^^^^^^^^^^^^^^^^^^^^^^
    )
    ^
  File "/home/5980Zhongyx/film_recommendation/venv/lib/python3.13/site-packages/sqlalchemy/orm/session.py", line 2351, in execute
    return self._execute_internal(
           ~~~~~~~~~~~~~~~~~~~~~~^
        statement,
        ^^^^^^^^^^
    ...<4 lines>...
        _add_event=_add_event,
        ^^^^^^^^^^^^^^^^^^^^^^
    )
    ^
  File "/home/5980Zhongyx/film_recommendation/venv/lib/python3.13/site-packages/sqlalchemy/orm/session.py", line 2249, in _execute_internal
    result: Result[Any] = compile_state_cls.orm_execute_statement(
                          ~~~~~~~~~~~~~~~~~~~~~~~~~~~~~~~~~~~~~~~^
        self,
        ^^^^^
    ...<4 lines>...
        conn,
        ^^^^^
    )
    ^
  File "/home/5980Zhongyx/film_recommendation/venv/lib/python3.13/site-packages/sqlalchemy/orm/context.py", line 306, in orm_execute_statement
    result = conn.execute(
        statement, params or {}, execution_options=execution_options
    )
  File "/home/5980Zhongyx/film_recommendation/venv/lib/python3.13/site-packages/sqlalchemy/engine/base.py", line 1419, in execute
    return meth(
        self,
        distilled_parameters,
        execution_options or NO_OPTIONS,
    )
  File "/home/5980Zhongyx/film_recommendation/venv/lib/python3.13/site-packages/sqlalchemy/sql/elements.py", line 527, in _execute_on_connection
    return connection._execute_clauseelement(
           ~~~~~~~~~~~~~~~~~~~~~~~~~~~~~~~~~^
        self, distilled_params, execution_options
        ^^^^^^^^^^^^^^^^^^^^^^^^^^^^^^^^^^^^^^^^^
    )
    ^
  File "/home/5980Zhongyx/film_recommendation/venv/lib/python3.13/site-packages/sqlalchemy/engine/base.py", line 1641, in _execute_clauseelement
    ret = self._execute_context(
        dialect,
    ...<8 lines>...
        cache_hit=cache_hit,
    )
  File "/home/5980Zhongyx/film_recommendation/venv/lib/python3.13/site-packages/sqlalchemy/engine/base.py", line 1846, in _execute_context
    return self._exec_single_context(
           ~~~~~~~~~~~~~~~~~~~~~~~~~^
        dialect, context, statement, parameters
        ^^^^^^^^^^^^^^^^^^^^^^^^^^^^^^^^^^^^^^^
    )
    ^
  File "/home/5980Zhongyx/film_recommendation/venv/lib/python3.13/site-packages/sqlalchemy/engine/base.py", line 1986, in _exec_single_context
    self._handle_dbapi_exception(
    ~~~~~~~~~~~~~~~~~~~~~~~~~~~~^
        e, str_statement, effective_parameters, cursor, context
        ^^^^^^^^^^^^^^^^^^^^^^^^^^^^^^^^^^^^^^^^^^^^^^^^^^^^^^^
    )
    ^
  File "/home/5980Zhongyx/film_recommendation/venv/lib/python3.13/site-packages/sqlalchemy/engine/base.py", line 2363, in _handle_dbapi_exception
    raise sqlalchemy_exception.with_traceback(exc_info[2]) from e
  File "/home/5980Zhongyx/film_recommendation/venv/lib/python3.13/site-packages/sqlalchemy/engine/base.py", line 1967, in _exec_single_context
    self.dialect.do_execute(
    ~~~~~~~~~~~~~~~~~~~~~~~^
        cursor, str_statement, effective_parameters, context
        ^^^^^^^^^^^^^^^^^^^^^^^^^^^^^^^^^^^^^^^^^^^^^^^^^^^^
    )
    ^
  File "/home/5980Zhongyx/film_recommendation/venv/lib/python3.13/site-packages/sqlalchemy/engine/default.py", line 952, in do_execute
    cursor.execute(statement, parameters)
    ~~~~~~~~~~~~~~^^^^^^^^^^^^^^^^^^^^^^^
sqlalchemy.exc.OperationalError: (sqlite3.OperationalError) no such column: film.rating_count
[SQL: SELECT film.id AS film_id, film.title AS film_title, film.genre AS film_genre, film.year AS film_year, film.director AS film_director, film.description AS film_description, film.poster_url AS film_poster_url, film.rating_count AS film_rating_count, film.rating_sum AS film_rating_sum, film.created_at AS film_created_at 
FROM film
 LIMIT ? OFFSET ?]
[parameters: (12, 0)]
(Background on this error at: https://sqlalche.me/e/20/e3q8)
2025-12-30 19:00:57,387 - app - ERROR - Exception on / [GET]
Traceback (most recent call last):
  File "/home/5980Zhongyx/film_recommendation/venv/lib/python3.13/site-packages/sqlalchemy/engine/base.py", line 1967, in _exec_single_context
    self.dialect.do_execute(
    ~~~~~~~~~~~~~~~~~~~~~~~^
        cursor, str_statement, effective_parameters, context
        ^^^^^^^^^^^^^^^^^^^^^^^^^^^^^^^^^^^^^^^^^^^^^^^^^^^^
    )
    ^
  File "/home/5980Zhongyx/film_recommendation/venv/lib/python3.13/site-packages/sqlalchemy/engine/default.py", line 952, in do_execute
    cursor.execute(statement, parameters)
    ~~~~~~~~~~~~~~^^^^^^^^^^^^^^^^^^^^^^^
sqlite3.OperationalError: no such column: film.rating_count

The above exception was the direct cause of the following exception:

Traceback (most recent call last):
  File "/home/5980Zhongyx/film_recommendation/venv/lib/python3.13/site-packages/flask/app.py", line 1511, in wsgi_app
    response = self.full_dispatch_request()
  File "/home/5980Zhongyx/film_recommendation/venv/lib/python3.13/site-packages/flask/app.py", line 919, in full_dispatch_request
    rv = self.handle_user_exception(e)
  File "/home/5980Zhongyx/film_recommendation/venv/lib/python3.13/site-packages/flask/app.py", line 917, in full_dispatch_request
    rv = self.dispatch_request()
  File "/home/5980Zhongyx/film_recommendation/venv/lib/python3.13/site-packages/flask/app.py", line 902, in dispatch_request
    return self.ensure_sync(self.view_functions[rule.endpoint])(**view_args)  # type: ignore[no-any-return]
           ~~~~~~~~~~~~~~~~~~~~~~~~~~~~~~~~~~~~~~~~~~~~~~~~~~~~^^^^^^^^^^^^^
  File "/home/5980Zhongyx/film_recommendation/routes/film_routes.py", line 15, in index
    films = Film.query.limit(12).all()
  File "/home/5980Zhongyx/film_recommendation/venv/lib/python3.13/site-packages/sqlalchemy/orm/query.py", line 2704, in all
    return self._iter().all()  # type: ignore
           ~~~~~~~~~~^^
  File "/home/5980Zhongyx/film_recommendation/venv/lib/python3.13/site-packages/sqlalchemy/orm/query.py", line 2857, in _iter
    result: Union[ScalarResult[_T], Result[_T]] = self.session.execute(
                                                  ~~~~~~~~~~~~~~~~~~~~^
        statement,
        ^^^^^^^^^^
        params,
        ^^^^^^^
        execution_options={"_sa_orm_load_options": self.load_options},
        ^^^^^^^^^^^^^^^^^^^^^^^^^^^^^^^^^^^^^^^^^^^^^^^^^^^^^^^^^^^^^^
    )
    ^
  File "/home/5980Zhongyx/film_recommendation/venv/lib/python3.13/site-packages/sqlalchemy/orm/session.py", line 2351, in execute
    return self._execute_internal(
           ~~~~~~~~~~~~~~~~~~~~~~^
        statement,
        ^^^^^^^^^^
    ...<4 lines>...
        _add_event=_add_event,
        ^^^^^^^^^^^^^^^^^^^^^^
    )
    ^
  File "/home/5980Zhongyx/film_recommendation/venv/lib/python3.13/site-packages/sqlalchemy/orm/session.py", line 2249, in _execute_internal
    result: Result[Any] = compile_state_cls.orm_execute_statement(
                          ~~~~~~~~~~~~~~~~~~~~~~~~~~~~~~~~~~~~~~~^
        self,
        ^^^^^
    ...<4 lines>...
        conn,
        ^^^^^
    )
    ^
  File "/home/5980Zhongyx/film_recommendation/venv/lib/python3.13/site-packages/sqlalchemy/orm/context.py", line 306, in orm_execute_statement
    result = conn.execute(
        statement, params or {}, execution_options=execution_options
    )
  File "/home/5980Zhongyx/film_recommendation/venv/lib/python3.13/site-packages/sqlalchemy/engine/base.py", line 1419, in execute
    return meth(
        self,
        distilled_parameters,
        execution_options or NO_OPTIONS,
    )
  File "/home/5980Zhongyx/film_recommendation/venv/lib/python3.13/site-packages/sqlalchemy/sql/elements.py", line 527, in _execute_on_connection
    return connection._execute_clauseelement(
           ~~~~~~~~~~~~~~~~~~~~~~~~~~~~~~~~~^
        self, distilled_params, execution_options
        ^^^^^^^^^^^^^^^^^^^^^^^^^^^^^^^^^^^^^^^^^
    )
    ^
  File "/home/5980Zhongyx/film_recommendation/venv/lib/python3.13/site-packages/sqlalchemy/engine/base.py", line 1641, in _execute_clauseelement
    ret = self._execute_context(
        dialect,
    ...<8 lines>...
        cache_hit=cache_hit,
    )
  File "/home/5980Zhongyx/film_recommendation/venv/lib/python3.13/site-packages/sqlalchemy/engine/base.py", line 1846, in _execute_context
    return self._exec_single_context(
           ~~~~~~~~~~~~~~~~~~~~~~~~~^
        dialect, context, statement, parameters
        ^^^^^^^^^^^^^^^^^^^^^^^^^^^^^^^^^^^^^^^
    )
    ^
  File "/home/5980Zhongyx/film_recommendation/venv/lib/python3.13/site-packages/sqlalchemy/engine/base.py", line 1986, in _exec_single_context
    self._handle_dbapi_exception(
    ~~~~~~~~~~~~~~~~~~~~~~~~~~~~^
        e, str_statement, effective_parameters, cursor, context
        ^^^^^^^^^^^^^^^^^^^^^^^^^^^^^^^^^^^^^^^^^^^^^^^^^^^^^^^
    )
    ^
  File "/home/5980Zhongyx/film_recommendation/venv/lib/python3.13/site-packages/sqlalchemy/engine/base.py", line 2363, in _handle_dbapi_exception
    raise sqlalchemy_exception.with_traceback(exc_info[2]) from e
  File "/home/5980Zhongyx/film_recommendation/venv/lib/python3.13/site-packages/sqlalchemy/engine/base.py", line 1967, in _exec_single_context
    self.dialect.do_execute(
    ~~~~~~~~~~~~~~~~~~~~~~~^
        cursor, str_statement, effective_parameters, context
        ^^^^^^^^^^^^^^^^^^^^^^^^^^^^^^^^^^^^^^^^^^^^^^^^^^^^
    )
    ^
  File "/home/5980Zhongyx/film_recommendation/venv/lib/python3.13/site-packages/sqlalchemy/engine/default.py", line 952, in do_execute
    cursor.execute(statement, parameters)
    ~~~~~~~~~~~~~~^^^^^^^^^^^^^^^^^^^^^^^
sqlalchemy.exc.OperationalError: (sqlite3.OperationalError) no such column: film.rating_count
[SQL: SELECT film.id AS film_id, film.title AS film_title, film.genre AS film_genre, film.year AS film_year, film.director AS film_director, film.description AS film_description, film.poster_url AS film_poster_url, film.rating_count AS film_rating_count, film.rating_sum AS film_rating_sum, film.created_at AS film_created_at 
FROM film
 LIMIT ? OFFSET ?]
[parameters: (12, 0)]
(Background on this error at: https://sqlalche.me/e/20/e3q8)
2025-12-30 19:00:59,834 - app - ERROR - Exception on / [GET]
Traceback (most recent call last):
  File "/home/5980Zhongyx/film_recommendation/venv/lib/python3.13/site-packages/sqlalchemy/engine/base.py", line 1967, in _exec_single_context
    self.dialect.do_execute(
    ~~~~~~~~~~~~~~~~~~~~~~~^
        cursor, str_statement, effective_parameters, context
        ^^^^^^^^^^^^^^^^^^^^^^^^^^^^^^^^^^^^^^^^^^^^^^^^^^^^
    )
    ^
  File "/home/5980Zhongyx/film_recommendation/venv/lib/python3.13/site-packages/sqlalchemy/engine/default.py", line 952, in do_execute
    cursor.execute(statement, parameters)
    ~~~~~~~~~~~~~~^^^^^^^^^^^^^^^^^^^^^^^
sqlite3.OperationalError: no such column: film.rating_count

The above exception was the direct cause of the following exception:

Traceback (most recent call last):
  File "/home/5980Zhongyx/film_recommendation/venv/lib/python3.13/site-packages/flask/app.py", line 1511, in wsgi_app
    response = self.full_dispatch_request()
  File "/home/5980Zhongyx/film_recommendation/venv/lib/python3.13/site-packages/flask/app.py", line 919, in full_dispatch_request
    rv = self.handle_user_exception(e)
  File "/home/5980Zhongyx/film_recommendation/venv/lib/python3.13/site-packages/flask/app.py", line 917, in full_dispatch_request
    rv = self.dispatch_request()
  File "/home/5980Zhongyx/film_recommendation/venv/lib/python3.13/site-packages/flask/app.py", line 902, in dispatch_request
    return self.ensure_sync(self.view_functions[rule.endpoint])(**view_args)  # type: ignore[no-any-return]
           ~~~~~~~~~~~~~~~~~~~~~~~~~~~~~~~~~~~~~~~~~~~~~~~~~~~~^^^^^^^^^^^^^
  File "/home/5980Zhongyx/film_recommendation/routes/film_routes.py", line 15, in index
    films = Film.query.limit(12).all()
  File "/home/5980Zhongyx/film_recommendation/venv/lib/python3.13/site-packages/sqlalchemy/orm/query.py", line 2704, in all
    return self._iter().all()  # type: ignore
           ~~~~~~~~~~^^
  File "/home/5980Zhongyx/film_recommendation/venv/lib/python3.13/site-packages/sqlalchemy/orm/query.py", line 2857, in _iter
    result: Union[ScalarResult[_T], Result[_T]] = self.session.execute(
                                                  ~~~~~~~~~~~~~~~~~~~~^
        statement,
        ^^^^^^^^^^
        params,
        ^^^^^^^
        execution_options={"_sa_orm_load_options": self.load_options},
        ^^^^^^^^^^^^^^^^^^^^^^^^^^^^^^^^^^^^^^^^^^^^^^^^^^^^^^^^^^^^^^
    )
    ^
  File "/home/5980Zhongyx/film_recommendation/venv/lib/python3.13/site-packages/sqlalchemy/orm/session.py", line 2351, in execute
    return self._execute_internal(
           ~~~~~~~~~~~~~~~~~~~~~~^
        statement,
        ^^^^^^^^^^
    ...<4 lines>...
        _add_event=_add_event,
        ^^^^^^^^^^^^^^^^^^^^^^
    )
    ^
  File "/home/5980Zhongyx/film_recommendation/venv/lib/python3.13/site-packages/sqlalchemy/orm/session.py", line 2249, in _execute_internal
    result: Result[Any] = compile_state_cls.orm_execute_statement(
                          ~~~~~~~~~~~~~~~~~~~~~~~~~~~~~~~~~~~~~~~^
        self,
        ^^^^^
    ...<4 lines>...
        conn,
        ^^^^^
    )
    ^
  File "/home/5980Zhongyx/film_recommendation/venv/lib/python3.13/site-packages/sqlalchemy/orm/context.py", line 306, in orm_execute_statement
    result = conn.execute(
        statement, params or {}, execution_options=execution_options
    )
  File "/home/5980Zhongyx/film_recommendation/venv/lib/python3.13/site-packages/sqlalchemy/engine/base.py", line 1419, in execute
    return meth(
        self,
        distilled_parameters,
        execution_options or NO_OPTIONS,
    )
  File "/home/5980Zhongyx/film_recommendation/venv/lib/python3.13/site-packages/sqlalchemy/sql/elements.py", line 527, in _execute_on_connection
    return connection._execute_clauseelement(
           ~~~~~~~~~~~~~~~~~~~~~~~~~~~~~~~~~^
        self, distilled_params, execution_options
        ^^^^^^^^^^^^^^^^^^^^^^^^^^^^^^^^^^^^^^^^^
    )
    ^
  File "/home/5980Zhongyx/film_recommendation/venv/lib/python3.13/site-packages/sqlalchemy/engine/base.py", line 1641, in _execute_clauseelement
    ret = self._execute_context(
        dialect,
    ...<8 lines>...
        cache_hit=cache_hit,
    )
  File "/home/5980Zhongyx/film_recommendation/venv/lib/python3.13/site-packages/sqlalchemy/engine/base.py", line 1846, in _execute_context
    return self._exec_single_context(
           ~~~~~~~~~~~~~~~~~~~~~~~~~^
        dialect, context, statement, parameters
        ^^^^^^^^^^^^^^^^^^^^^^^^^^^^^^^^^^^^^^^
    )
    ^
  File "/home/5980Zhongyx/film_recommendation/venv/lib/python3.13/site-packages/sqlalchemy/engine/base.py", line 1986, in _exec_single_context
    self._handle_dbapi_exception(
    ~~~~~~~~~~~~~~~~~~~~~~~~~~~~^
        e, str_statement, effective_parameters, cursor, context
        ^^^^^^^^^^^^^^^^^^^^^^^^^^^^^^^^^^^^^^^^^^^^^^^^^^^^^^^
    )
    ^
  File "/home/5980Zhongyx/film_recommendation/venv/lib/python3.13/site-packages/sqlalchemy/engine/base.py", line 2363, in _handle_dbapi_exception
    raise sqlalchemy_exception.with_traceback(exc_info[2]) from e
  File "/home/5980Zhongyx/film_recommendation/venv/lib/python3.13/site-packages/sqlalchemy/engine/base.py", line 1967, in _exec_single_context
    self.dialect.do_execute(
    ~~~~~~~~~~~~~~~~~~~~~~~^
        cursor, str_statement, effective_parameters, context
        ^^^^^^^^^^^^^^^^^^^^^^^^^^^^^^^^^^^^^^^^^^^^^^^^^^^^
    )
    ^
  File "/home/5980Zhongyx/film_recommendation/venv/lib/python3.13/site-packages/sqlalchemy/engine/default.py", line 952, in do_execute
    cursor.execute(statement, parameters)
    ~~~~~~~~~~~~~~^^^^^^^^^^^^^^^^^^^^^^^
sqlalchemy.exc.OperationalError: (sqlite3.OperationalError) no such column: film.rating_count
[SQL: SELECT film.id AS film_id, film.title AS film_title, film.genre AS film_genre, film.year AS film_year, film.director AS film_director, film.description AS film_description, film.poster_url AS film_poster_url, film.rating_count AS film_rating_count, film.rating_sum AS film_rating_sum, film.created_at AS film_created_at 
FROM film
 LIMIT ? OFFSET ?]
[parameters: (12, 0)]
(Background on this error at: https://sqlalche.me/e/20/e3q8)
2025-12-30 19:02:01,960 - app - ERROR - Exception on / [GET]
Traceback (most recent call last):
  File "/home/5980Zhongyx/film_recommendation/venv/lib/python3.13/site-packages/sqlalchemy/engine/base.py", line 1967, in _exec_single_context
    self.dialect.do_execute(
    ~~~~~~~~~~~~~~~~~~~~~~~^
        cursor, str_statement, effective_parameters, context
        ^^^^^^^^^^^^^^^^^^^^^^^^^^^^^^^^^^^^^^^^^^^^^^^^^^^^
    )
    ^
  File "/home/5980Zhongyx/film_recommendation/venv/lib/python3.13/site-packages/sqlalchemy/engine/default.py", line 952, in do_execute
    cursor.execute(statement, parameters)
    ~~~~~~~~~~~~~~^^^^^^^^^^^^^^^^^^^^^^^
sqlite3.OperationalError: no such column: film.rating_count

The above exception was the direct cause of the following exception:

Traceback (most recent call last):
  File "/home/5980Zhongyx/film_recommendation/venv/lib/python3.13/site-packages/flask/app.py", line 1511, in wsgi_app
    response = self.full_dispatch_request()
  File "/home/5980Zhongyx/film_recommendation/venv/lib/python3.13/site-packages/flask/app.py", line 919, in full_dispatch_request
    rv = self.handle_user_exception(e)
  File "/home/5980Zhongyx/film_recommendation/venv/lib/python3.13/site-packages/flask/app.py", line 917, in full_dispatch_request
    rv = self.dispatch_request()
  File "/home/5980Zhongyx/film_recommendation/venv/lib/python3.13/site-packages/flask/app.py", line 902, in dispatch_request
    return self.ensure_sync(self.view_functions[rule.endpoint])(**view_args)  # type: ignore[no-any-return]
           ~~~~~~~~~~~~~~~~~~~~~~~~~~~~~~~~~~~~~~~~~~~~~~~~~~~~^^^^^^^^^^^^^
  File "/home/5980Zhongyx/film_recommendation/routes/film_routes.py", line 15, in index
    films = Film.query.limit(12).all()
  File "/home/5980Zhongyx/film_recommendation/venv/lib/python3.13/site-packages/sqlalchemy/orm/query.py", line 2704, in all
    return self._iter().all()  # type: ignore
           ~~~~~~~~~~^^
  File "/home/5980Zhongyx/film_recommendation/venv/lib/python3.13/site-packages/sqlalchemy/orm/query.py", line 2857, in _iter
    result: Union[ScalarResult[_T], Result[_T]] = self.session.execute(
                                                  ~~~~~~~~~~~~~~~~~~~~^
        statement,
        ^^^^^^^^^^
        params,
        ^^^^^^^
        execution_options={"_sa_orm_load_options": self.load_options},
        ^^^^^^^^^^^^^^^^^^^^^^^^^^^^^^^^^^^^^^^^^^^^^^^^^^^^^^^^^^^^^^
    )
    ^
  File "/home/5980Zhongyx/film_recommendation/venv/lib/python3.13/site-packages/sqlalchemy/orm/session.py", line 2351, in execute
    return self._execute_internal(
           ~~~~~~~~~~~~~~~~~~~~~~^
        statement,
        ^^^^^^^^^^
    ...<4 lines>...
        _add_event=_add_event,
        ^^^^^^^^^^^^^^^^^^^^^^
    )
    ^
  File "/home/5980Zhongyx/film_recommendation/venv/lib/python3.13/site-packages/sqlalchemy/orm/session.py", line 2249, in _execute_internal
    result: Result[Any] = compile_state_cls.orm_execute_statement(
                          ~~~~~~~~~~~~~~~~~~~~~~~~~~~~~~~~~~~~~~~^
        self,
        ^^^^^
    ...<4 lines>...
        conn,
        ^^^^^
    )
    ^
  File "/home/5980Zhongyx/film_recommendation/venv/lib/python3.13/site-packages/sqlalchemy/orm/context.py", line 306, in orm_execute_statement
    result = conn.execute(
        statement, params or {}, execution_options=execution_options
    )
  File "/home/5980Zhongyx/film_recommendation/venv/lib/python3.13/site-packages/sqlalchemy/engine/base.py", line 1419, in execute
    return meth(
        self,
        distilled_parameters,
        execution_options or NO_OPTIONS,
    )
  File "/home/5980Zhongyx/film_recommendation/venv/lib/python3.13/site-packages/sqlalchemy/sql/elements.py", line 527, in _execute_on_connection
    return connection._execute_clauseelement(
           ~~~~~~~~~~~~~~~~~~~~~~~~~~~~~~~~~^
        self, distilled_params, execution_options
        ^^^^^^^^^^^^^^^^^^^^^^^^^^^^^^^^^^^^^^^^^
    )
    ^
  File "/home/5980Zhongyx/film_recommendation/venv/lib/python3.13/site-packages/sqlalchemy/engine/base.py", line 1641, in _execute_clauseelement
    ret = self._execute_context(
        dialect,
    ...<8 lines>...
        cache_hit=cache_hit,
    )
  File "/home/5980Zhongyx/film_recommendation/venv/lib/python3.13/site-packages/sqlalchemy/engine/base.py", line 1846, in _execute_context
    return self._exec_single_context(
           ~~~~~~~~~~~~~~~~~~~~~~~~~^
        dialect, context, statement, parameters
        ^^^^^^^^^^^^^^^^^^^^^^^^^^^^^^^^^^^^^^^
    )
    ^
  File "/home/5980Zhongyx/film_recommendation/venv/lib/python3.13/site-packages/sqlalchemy/engine/base.py", line 1986, in _exec_single_context
    self._handle_dbapi_exception(
    ~~~~~~~~~~~~~~~~~~~~~~~~~~~~^
        e, str_statement, effective_parameters, cursor, context
        ^^^^^^^^^^^^^^^^^^^^^^^^^^^^^^^^^^^^^^^^^^^^^^^^^^^^^^^
    )
    ^
  File "/home/5980Zhongyx/film_recommendation/venv/lib/python3.13/site-packages/sqlalchemy/engine/base.py", line 2363, in _handle_dbapi_exception
    raise sqlalchemy_exception.with_traceback(exc_info[2]) from e
  File "/home/5980Zhongyx/film_recommendation/venv/lib/python3.13/site-packages/sqlalchemy/engine/base.py", line 1967, in _exec_single_context
    self.dialect.do_execute(
    ~~~~~~~~~~~~~~~~~~~~~~~^
        cursor, str_statement, effective_parameters, context
        ^^^^^^^^^^^^^^^^^^^^^^^^^^^^^^^^^^^^^^^^^^^^^^^^^^^^
    )
    ^
  File "/home/5980Zhongyx/film_recommendation/venv/lib/python3.13/site-packages/sqlalchemy/engine/default.py", line 952, in do_execute
    cursor.execute(statement, parameters)
    ~~~~~~~~~~~~~~^^^^^^^^^^^^^^^^^^^^^^^
sqlalchemy.exc.OperationalError: (sqlite3.OperationalError) no such column: film.rating_count
[SQL: SELECT film.id AS film_id, film.title AS film_title, film.genre AS film_genre, film.year AS film_year, film.director AS film_director, film.description AS film_description, film.poster_url AS film_poster_url, film.rating_count AS film_rating_count, film.rating_sum AS film_rating_sum, film.created_at AS film_created_at 
FROM film
 LIMIT ? OFFSET ?]
[parameters: (12, 0)]
(Background on this error at: https://sqlalche.me/e/20/e3q8)
2025-12-30 19:05:39,531 - app - ERROR - Exception on / [GET]
Traceback (most recent call last):
  File "/home/5980Zhongyx/film_recommendation/venv/lib/python3.13/site-packages/sqlalchemy/engine/base.py", line 1967, in _exec_single_context
    self.dialect.do_execute(
    ~~~~~~~~~~~~~~~~~~~~~~~^
        cursor, str_statement, effective_parameters, context
        ^^^^^^^^^^^^^^^^^^^^^^^^^^^^^^^^^^^^^^^^^^^^^^^^^^^^
    )
    ^
  File "/home/5980Zhongyx/film_recommendation/venv/lib/python3.13/site-packages/sqlalchemy/engine/default.py", line 952, in do_execute
    cursor.execute(statement, parameters)
    ~~~~~~~~~~~~~~^^^^^^^^^^^^^^^^^^^^^^^
sqlite3.OperationalError: no such column: film.rating_count

The above exception was the direct cause of the following exception:

Traceback (most recent call last):
  File "/home/5980Zhongyx/film_recommendation/venv/lib/python3.13/site-packages/flask/app.py", line 1511, in wsgi_app
    response = self.full_dispatch_request()
  File "/home/5980Zhongyx/film_recommendation/venv/lib/python3.13/site-packages/flask/app.py", line 919, in full_dispatch_request
    rv = self.handle_user_exception(e)
  File "/home/5980Zhongyx/film_recommendation/venv/lib/python3.13/site-packages/flask/app.py", line 917, in full_dispatch_request
    rv = self.dispatch_request()
  File "/home/5980Zhongyx/film_recommendation/venv/lib/python3.13/site-packages/flask/app.py", line 902, in dispatch_request
    return self.ensure_sync(self.view_functions[rule.endpoint])(**view_args)  # type: ignore[no-any-return]
           ~~~~~~~~~~~~~~~~~~~~~~~~~~~~~~~~~~~~~~~~~~~~~~~~~~~~^^^^^^^^^^^^^
  File "/home/5980Zhongyx/film_recommendation/routes/film_routes.py", line 15, in index
    films = Film.query.limit(12).all()
  File "/home/5980Zhongyx/film_recommendation/venv/lib/python3.13/site-packages/sqlalchemy/orm/query.py", line 2704, in all
    return self._iter().all()  # type: ignore
           ~~~~~~~~~~^^
  File "/home/5980Zhongyx/film_recommendation/venv/lib/python3.13/site-packages/sqlalchemy/orm/query.py", line 2857, in _iter
    result: Union[ScalarResult[_T], Result[_T]] = self.session.execute(
                                                  ~~~~~~~~~~~~~~~~~~~~^
        statement,
        ^^^^^^^^^^
        params,
        ^^^^^^^
        execution_options={"_sa_orm_load_options": self.load_options},
        ^^^^^^^^^^^^^^^^^^^^^^^^^^^^^^^^^^^^^^^^^^^^^^^^^^^^^^^^^^^^^^
    )
    ^
  File "/home/5980Zhongyx/film_recommendation/venv/lib/python3.13/site-packages/sqlalchemy/orm/session.py", line 2351, in execute
    return self._execute_internal(
           ~~~~~~~~~~~~~~~~~~~~~~^
        statement,
        ^^^^^^^^^^
    ...<4 lines>...
        _add_event=_add_event,
        ^^^^^^^^^^^^^^^^^^^^^^
    )
    ^
  File "/home/5980Zhongyx/film_recommendation/venv/lib/python3.13/site-packages/sqlalchemy/orm/session.py", line 2249, in _execute_internal
    result: Result[Any] = compile_state_cls.orm_execute_statement(
                          ~~~~~~~~~~~~~~~~~~~~~~~~~~~~~~~~~~~~~~~^
        self,
        ^^^^^
    ...<4 lines>...
        conn,
        ^^^^^
    )
    ^
  File "/home/5980Zhongyx/film_recommendation/venv/lib/python3.13/site-packages/sqlalchemy/orm/context.py", line 306, in orm_execute_statement
    result = conn.execute(
        statement, params or {}, execution_options=execution_options
    )
  File "/home/5980Zhongyx/film_recommendation/venv/lib/python3.13/site-packages/sqlalchemy/engine/base.py", line 1419, in execute
    return meth(
        self,
        distilled_parameters,
        execution_options or NO_OPTIONS,
    )
  File "/home/5980Zhongyx/film_recommendation/venv/lib/python3.13/site-packages/sqlalchemy/sql/elements.py", line 527, in _execute_on_connection
    return connection._execute_clauseelement(
           ~~~~~~~~~~~~~~~~~~~~~~~~~~~~~~~~~^
        self, distilled_params, execution_options
        ^^^^^^^^^^^^^^^^^^^^^^^^^^^^^^^^^^^^^^^^^
    )
    ^
  File "/home/5980Zhongyx/film_recommendation/venv/lib/python3.13/site-packages/sqlalchemy/engine/base.py", line 1641, in _execute_clauseelement
    ret = self._execute_context(
        dialect,
    ...<8 lines>...
        cache_hit=cache_hit,
    )
  File "/home/5980Zhongyx/film_recommendation/venv/lib/python3.13/site-packages/sqlalchemy/engine/base.py", line 1846, in _execute_context
    return self._exec_single_context(
           ~~~~~~~~~~~~~~~~~~~~~~~~~^
        dialect, context, statement, parameters
        ^^^^^^^^^^^^^^^^^^^^^^^^^^^^^^^^^^^^^^^
    )
    ^
  File "/home/5980Zhongyx/film_recommendation/venv/lib/python3.13/site-packages/sqlalchemy/engine/base.py", line 1986, in _exec_single_context
    self._handle_dbapi_exception(
    ~~~~~~~~~~~~~~~~~~~~~~~~~~~~^
        e, str_statement, effective_parameters, cursor, context
        ^^^^^^^^^^^^^^^^^^^^^^^^^^^^^^^^^^^^^^^^^^^^^^^^^^^^^^^
    )
    ^
  File "/home/5980Zhongyx/film_recommendation/venv/lib/python3.13/site-packages/sqlalchemy/engine/base.py", line 2363, in _handle_dbapi_exception
    raise sqlalchemy_exception.with_traceback(exc_info[2]) from e
  File "/home/5980Zhongyx/film_recommendation/venv/lib/python3.13/site-packages/sqlalchemy/engine/base.py", line 1967, in _exec_single_context
    self.dialect.do_execute(
    ~~~~~~~~~~~~~~~~~~~~~~~^
        cursor, str_statement, effective_parameters, context
        ^^^^^^^^^^^^^^^^^^^^^^^^^^^^^^^^^^^^^^^^^^^^^^^^^^^^
    )
    ^
  File "/home/5980Zhongyx/film_recommendation/venv/lib/python3.13/site-packages/sqlalchemy/engine/default.py", line 952, in do_execute
    cursor.execute(statement, parameters)
    ~~~~~~~~~~~~~~^^^^^^^^^^^^^^^^^^^^^^^
sqlalchemy.exc.OperationalError: (sqlite3.OperationalError) no such column: film.rating_count
[SQL: SELECT film.id AS film_id, film.title AS film_title, film.genre AS film_genre, film.year AS film_year, film.director AS film_director, film.description AS film_description, film.poster_url AS film_poster_url, film.rating_count AS film_rating_count, film.rating_sum AS film_rating_sum, film.created_at AS film_created_at 
FROM film
 LIMIT ? OFFSET ?]
[parameters: (12, 0)]
(Background on this error at: https://sqlalche.me/e/20/e3q8)
2025-12-30 19:05:42,663 - app - ERROR - Exception on / [GET]
Traceback (most recent call last):
  File "/home/5980Zhongyx/film_recommendation/venv/lib/python3.13/site-packages/sqlalchemy/engine/base.py", line 1967, in _exec_single_context
    self.dialect.do_execute(
    ~~~~~~~~~~~~~~~~~~~~~~~^
        cursor, str_statement, effective_parameters, context
        ^^^^^^^^^^^^^^^^^^^^^^^^^^^^^^^^^^^^^^^^^^^^^^^^^^^^
    )
    ^
  File "/home/5980Zhongyx/film_recommendation/venv/lib/python3.13/site-packages/sqlalchemy/engine/default.py", line 952, in do_execute
    cursor.execute(statement, parameters)
    ~~~~~~~~~~~~~~^^^^^^^^^^^^^^^^^^^^^^^
sqlite3.OperationalError: no such column: film.rating_count

The above exception was the direct cause of the following exception:

Traceback (most recent call last):
  File "/home/5980Zhongyx/film_recommendation/venv/lib/python3.13/site-packages/flask/app.py", line 1511, in wsgi_app
    response = self.full_dispatch_request()
  File "/home/5980Zhongyx/film_recommendation/venv/lib/python3.13/site-packages/flask/app.py", line 919, in full_dispatch_request
    rv = self.handle_user_exception(e)
  File "/home/5980Zhongyx/film_recommendation/venv/lib/python3.13/site-packages/flask/app.py", line 917, in full_dispatch_request
    rv = self.dispatch_request()
  File "/home/5980Zhongyx/film_recommendation/venv/lib/python3.13/site-packages/flask/app.py", line 902, in dispatch_request
    return self.ensure_sync(self.view_functions[rule.endpoint])(**view_args)  # type: ignore[no-any-return]
           ~~~~~~~~~~~~~~~~~~~~~~~~~~~~~~~~~~~~~~~~~~~~~~~~~~~~^^^^^^^^^^^^^
  File "/home/5980Zhongyx/film_recommendation/routes/film_routes.py", line 15, in index
    films = Film.query.limit(12).all()
  File "/home/5980Zhongyx/film_recommendation/venv/lib/python3.13/site-packages/sqlalchemy/orm/query.py", line 2704, in all
    return self._iter().all()  # type: ignore
           ~~~~~~~~~~^^
  File "/home/5980Zhongyx/film_recommendation/venv/lib/python3.13/site-packages/sqlalchemy/orm/query.py", line 2857, in _iter
    result: Union[ScalarResult[_T], Result[_T]] = self.session.execute(
                                                  ~~~~~~~~~~~~~~~~~~~~^
        statement,
        ^^^^^^^^^^
        params,
        ^^^^^^^
        execution_options={"_sa_orm_load_options": self.load_options},
        ^^^^^^^^^^^^^^^^^^^^^^^^^^^^^^^^^^^^^^^^^^^^^^^^^^^^^^^^^^^^^^
    )
    ^
  File "/home/5980Zhongyx/film_recommendation/venv/lib/python3.13/site-packages/sqlalchemy/orm/session.py", line 2351, in execute
    return self._execute_internal(
           ~~~~~~~~~~~~~~~~~~~~~~^
        statement,
        ^^^^^^^^^^
    ...<4 lines>...
        _add_event=_add_event,
        ^^^^^^^^^^^^^^^^^^^^^^
    )
    ^
  File "/home/5980Zhongyx/film_recommendation/venv/lib/python3.13/site-packages/sqlalchemy/orm/session.py", line 2249, in _execute_internal
    result: Result[Any] = compile_state_cls.orm_execute_statement(
                          ~~~~~~~~~~~~~~~~~~~~~~~~~~~~~~~~~~~~~~~^
        self,
        ^^^^^
    ...<4 lines>...
        conn,
        ^^^^^
    )
    ^
  File "/home/5980Zhongyx/film_recommendation/venv/lib/python3.13/site-packages/sqlalchemy/orm/context.py", line 306, in orm_execute_statement
    result = conn.execute(
        statement, params or {}, execution_options=execution_options
    )
  File "/home/5980Zhongyx/film_recommendation/venv/lib/python3.13/site-packages/sqlalchemy/engine/base.py", line 1419, in execute
    return meth(
        self,
        distilled_parameters,
        execution_options or NO_OPTIONS,
    )
  File "/home/5980Zhongyx/film_recommendation/venv/lib/python3.13/site-packages/sqlalchemy/sql/elements.py", line 527, in _execute_on_connection
    return connection._execute_clauseelement(
           ~~~~~~~~~~~~~~~~~~~~~~~~~~~~~~~~~^
        self, distilled_params, execution_options
        ^^^^^^^^^^^^^^^^^^^^^^^^^^^^^^^^^^^^^^^^^
    )
    ^
  File "/home/5980Zhongyx/film_recommendation/venv/lib/python3.13/site-packages/sqlalchemy/engine/base.py", line 1641, in _execute_clauseelement
    ret = self._execute_context(
        dialect,
    ...<8 lines>...
        cache_hit=cache_hit,
    )
  File "/home/5980Zhongyx/film_recommendation/venv/lib/python3.13/site-packages/sqlalchemy/engine/base.py", line 1846, in _execute_context
    return self._exec_single_context(
           ~~~~~~~~~~~~~~~~~~~~~~~~~^
        dialect, context, statement, parameters
        ^^^^^^^^^^^^^^^^^^^^^^^^^^^^^^^^^^^^^^^
    )
    ^
  File "/home/5980Zhongyx/film_recommendation/venv/lib/python3.13/site-packages/sqlalchemy/engine/base.py", line 1986, in _exec_single_context
    self._handle_dbapi_exception(
    ~~~~~~~~~~~~~~~~~~~~~~~~~~~~^
        e, str_statement, effective_parameters, cursor, context
        ^^^^^^^^^^^^^^^^^^^^^^^^^^^^^^^^^^^^^^^^^^^^^^^^^^^^^^^
    )
    ^
  File "/home/5980Zhongyx/film_recommendation/venv/lib/python3.13/site-packages/sqlalchemy/engine/base.py", line 2363, in _handle_dbapi_exception
    raise sqlalchemy_exception.with_traceback(exc_info[2]) from e
  File "/home/5980Zhongyx/film_recommendation/venv/lib/python3.13/site-packages/sqlalchemy/engine/base.py", line 1967, in _exec_single_context
    self.dialect.do_execute(
    ~~~~~~~~~~~~~~~~~~~~~~~^
        cursor, str_statement, effective_parameters, context
        ^^^^^^^^^^^^^^^^^^^^^^^^^^^^^^^^^^^^^^^^^^^^^^^^^^^^
    )
    ^
  File "/home/5980Zhongyx/film_recommendation/venv/lib/python3.13/site-packages/sqlalchemy/engine/default.py", line 952, in do_execute
    cursor.execute(statement, parameters)
    ~~~~~~~~~~~~~~^^^^^^^^^^^^^^^^^^^^^^^
sqlalchemy.exc.OperationalError: (sqlite3.OperationalError) no such column: film.rating_count
[SQL: SELECT film.id AS film_id, film.title AS film_title, film.genre AS film_genre, film.year AS film_year, film.director AS film_director, film.description AS film_description, film.poster_url AS film_poster_url, film.rating_count AS film_rating_count, film.rating_sum AS film_rating_sum, film.created_at AS film_created_at 
FROM film
 LIMIT ? OFFSET ?]
[parameters: (12, 0)]
(Background on this error at: https://sqlalche.me/e/20/e3q8)
